<?xml version="1.0" encoding="UTF-8"?>
<testsuite xmlns:xsi="http://www.w3.org/2001/XMLSchema-instance" xsi:noNamespaceSchemaLocation="https://maven.apache.org/surefire/maven-surefire-plugin/xsd/surefire-test-report-3.0.xsd" version="3.0" name="TestSuite" time="55.803" tests="3" errors="0" skipped="0" failures="1">
  <properties>
[...]
</properties>
  <testcase name="runScenario[&quot;Search Experience for product search in both home and Offers page&quot;, &quot;Search and Place the order for Products&quot;](1)" classname="cucumberOptions.TestNGTestRunner" time="41.327">
    <failure message="no such element: Unable to locate element: {&quot;method&quot;:&quot;xpath&quot;,&quot;selector&quot;:&quot;//h4[normalize-space()=&apos;Tomato - 1 Kg&apos;]&quot;}&#10;  (Session info: chrome=120.0.6099.71)&#10;For documentation on this error, please visit: https://www.selenium.dev/documentation/webdriver/troubleshooting/errors#no-such-element-exception&#10;Build info: version: &apos;4.16.1&apos;, revision: &apos;9b4c83354e&apos;&#10;System info: os.name: &apos;Mac OS X&apos;, os.arch: &apos;x86_64&apos;, os.version: &apos;14.1&apos;, java.version: &apos;17.0.8.1&apos;&#10;Driver info: org.openqa.selenium.chrome.ChromeDriver&#10;Command: [235519b11c0a6e7aceac3a1fff291ce3, findElement {using=xpath, value=//h4[normalize-space()=&apos;Tomato - 1 Kg&apos;]}]&#10;Capabilities {acceptInsecureCerts: false, browserName: chrome, browserVersion: 120.0.6099.71, chrome: {chromedriverVersion: 120.0.6099.71 (9729082fe617..., userDataDir: /var/folders/84/j17hvf1j3x9...}, fedcm:accounts: true, goog:chromeOptions: {debuggerAddress: localhost:58230}, networkConnectionEnabled: false, pageLoadStrategy: normal, platformName: mac, proxy: Proxy(), se:cdp: ws://localhost:58230/devtoo..., se:cdpVersion: 120.0.6099.71, setWindowRect: true, strictFileInteractability: false, timeouts: {implicit: 0, pageLoad: 300000, script: 30000}, unhandledPromptBehavior: dismiss and notify, webauthn:extension:credBlob: true, webauthn:extension:largeBlob: true, webauthn:extension:minPinLength: true, webauthn:extension:prf: true, webauthn:virtualAuthenticators: true}&#10;Session ID: 235519b11c0a6e7aceac3a1fff291ce3" type="org.openqa.selenium.NoSuchElementException"><![CDATA[org.openqa.selenium.NoSuchElementException: 
no such element: Unable to locate element: {"method":"xpath","selector":"//h4[normalize-space()='Tomato - 1 Kg']"}
  (Session info: chrome=120.0.6099.71)
For documentation on this error, please visit: https://www.selenium.dev/documentation/webdriver/troubleshooting/errors#no-such-element-exception
Build info: version: '4.16.1', revision: '9b4c83354e'
System info: os.name: 'Mac OS X', os.arch: 'x86_64', os.version: '14.1', java.version: '17.0.8.1'
Driver info: org.openqa.selenium.chrome.ChromeDriver
Command: [235519b11c0a6e7aceac3a1fff291ce3, findElement {using=xpath, value=//h4[normalize-space()='Tomato - 1 Kg']}]
Capabilities {acceptInsecureCerts: false, browserName: chrome, browserVersion: 120.0.6099.71, chrome: {chromedriverVersion: 120.0.6099.71 (9729082fe617..., userDataDir: /var/folders/84/j17hvf1j3x9...}, fedcm:accounts: true, goog:chromeOptions: {debuggerAddress: localhost:58230}, networkConnectionEnabled: false, pageLoadStrategy: normal, platformName: mac, proxy: Proxy(), se:cdp: ws://localhost:58230/devtoo..., se:cdpVersion: 120.0.6099.71, setWindowRect: true, strictFileInteractability: false, timeouts: {implicit: 0, pageLoad: 300000, script: 30000}, unhandledPromptBehavior: dismiss and notify, webauthn:extension:credBlob: true, webauthn:extension:largeBlob: true, webauthn:extension:minPinLength: true, webauthn:extension:prf: true, webauthn:virtualAuthenticators: true}
Session ID: 235519b11c0a6e7aceac3a1fff291ce3
]]></failure>
    <system-out><![CDATA[Tomato - 1 Kg
Tomato is extracted from Home page
Tomato - 1 Kg
Tomato is extracted from Home page
]]></system-out>
    <system-err><![CDATA[SLF4J: Failed to load class "org.slf4j.impl.StaticLoggerBinder".
SLF4J: Defaulting to no-operation (NOP) logger implementation
SLF4J: See http://www.slf4j.org/codes.html#StaticLoggerBinder for further details.
]]></system-err>
  </testcase>
  <testcase name="runScenario[&quot;Search Experience for product search in both home and Offers page&quot;, &quot;Search and Place the order for Products&quot;](2)" classname="cucumberOptions.TestNGTestRunner" time="45.426">
    <system-out><![CDATA[Tomato is extracted from offers page
Tomato
]]></system-out>
  </testcase>
  <testcase name="runScenario[&quot;It is CheckOutPage feature&quot;, &quot;Place the order for Products&quot;](3)" classname="cucumberOptions.TestNGTestRunner" time="48.968">
    <system-out><![CDATA[Tomato
Both home page and checkoutpage names are same and test is passed
Both VerifyPlaceOrder and VerifyPromoBtn is true and test is passed
]]></system-out>
  </testcase>
</testsuite>